Arguments: 
  /Users/x/.asdf/installs/nodejs/17.8.0/bin/node /opt/homebrew/Cellar/yarn/1.22.17_1/libexec/bin/yarn.js add aplinejs

PATH: 
  /Users/x/.asdf/plugins/nodejs/shims:/Users/x/.asdf/installs/nodejs/17.8.0/.npm/bin:/Users/x/.asdf/installs/nodejs/17.8.0/bin:./bin:/Users/x/.bin:/Users/x/bin:/Users/x/.asdf/installs/rust/1.59.0/bin:/Users/x/.asdf/installs/nodejs/17.8.0/bin/node:/Users/x/.asdf/installs/elixir/1.13.3-otp-24/.mix/escripts:/Users/x/.asdf/installs/python/3.9.6/bin:/Users/x/.asdf/installs/python/2.7.18/bin:/Users/x/.bin:/Users/x/bin:/opt/homebrew/opt/openssl@1.1/bin:/Users/x/.config/yarn/global/node_modules/.bin:/Users/x/.cargo/bin:/Users/x/.asdf/shims:/Users/x/.bin.macos:/Users/x/.nix-profile/bin:/nix/var/nix/profiles/default/bin:./bin:/Users/x/.bin:/Users/x/bin:::/Users/x/.asdf/installs/elixir/1.13.3-otp-24/.mix/escripts:/Users/x/.asdf/installs/python/3.9.6/bin:/Users/x/.asdf/installs/python/2.7.18/bin:/Users/x/.bin:/Users/x/bin:/opt/homebrew/opt/openssl@1.1/bin:/Users/x/.config/yarn/global/node_modules/.bin:/Users/x/.cargo/bin:/Users/x/.asdf/shims:/Users/x/.bin.macos:/opt/homebrew/bin:/opt/homebrew/bin:/opt/homebrew/sbin:/usr/local/bin:/usr/bin:/bin:/usr/sbin:/sbin:/Users/x/.cargo/bin:/opt/homebrew/opt/fzf/bin

Yarn version: 
  1.22.17

Node version: 
  17.8.0

Platform: 
  darwin arm64

Trace: 
  Error: https://registry.yarnpkg.com/aplinejs: Not found
      at Request.params.callback [as _callback] (/opt/homebrew/Cellar/yarn/1.22.17_1/libexec/lib/cli.js:67029:18)
      at Request.self.callback (/opt/homebrew/Cellar/yarn/1.22.17_1/libexec/lib/cli.js:140883:22)
      at Request.emit (node:events:527:28)
      at Request.<anonymous> (/opt/homebrew/Cellar/yarn/1.22.17_1/libexec/lib/cli.js:141855:10)
      at Request.emit (node:events:527:28)
      at IncomingMessage.<anonymous> (/opt/homebrew/Cellar/yarn/1.22.17_1/libexec/lib/cli.js:141777:12)
      at Object.onceWrapper (node:events:641:28)
      at IncomingMessage.emit (node:events:539:35)
      at endReadableNT (node:internal/streams/readable:1345:12)
      at processTicksAndRejections (node:internal/process/task_queues:83:21)

npm manifest: 
  {
    "devDependencies": {
      "autoprefixer": "^10.4.4",
      "postcss": "^8.4.12",
      "tailwindcss": "^3.0.23"
    },
    "scripts": {
      "deploy": "NODE_ENV=production tailwindcss --postcss --minify --input=css/app.css --output=../priv/static/assets/app.css"
    },
    "dependencies": {
      "daisyui": "^2.13.2"
    }
  }

yarn manifest: 
  No manifest

Lockfile: 
  No lockfile
